<?xml version="1.0" encoding="UTF-8"?>
<!-- Generated by org.testng.reporters.JUnitXMLReporter -->
<testsuite ignored="3" hostname="IT" failures="0" tests="6" name="Regression" time="0.07" errors="0" timestamp="2025-03-01T16:07:09 IST">
  <testcase classname="Test.BasictestNG" name="Secound" time="0.008"/>
  <testcase classname="Test.ForthClass" name="AdminLogin1" time="0.003"/>
  <testcase classname="Test.ForthClass" name="MobileLogin1" time="0.004"/>
  <testcase classname="Test.ThirdClass" name="AdminLogin" time="0.001"/>
  <testcase classname="Test.ThirdClass" name="MobileLogin" time="0.003"/>
  <testcase classname="Test.ThirdClass" name="MobileLogin2" time="0.004"/>
  <testcase classname="Test.BasictestNG" name="Demo" time="0.0">
    <ignored/>
  </testcase> <!-- Demo -->
  <testcase classname="Test.SecoundCLass" name="Secound" time="0.0">
    <ignored/>
  </testcase> <!-- Secound -->
  <testcase classname="Test.ThirdClass" name="MobileLogin1" time="0.0">
    <ignored/>
  </testcase> <!-- MobileLogin1 -->
</testsuite> <!-- Regression -->
