<?xml version="1.0" encoding="UTF-8"?>
<!-- Generated by org.testng.reporters.JUnitXMLReporter -->
<testsuite ignored="1" hostname="IT" failures="0" tests="3" name="YSLogin" time="0.02" errors="0" timestamp="2025-03-01T16:30:00 IST">
  <testcase classname="Test.ThirdClass" name="MobileLogin" time="0.001"/>
  <testcase classname="Test.ThirdClass" name="MobileLogin1" time="0.0"/>
  <testcase classname="Test.ThirdClass" name="MobileLogin2" time="0.001"/>
  <testcase classname="Test.ThirdClass" name="AdminLogin" time="0.0">
    <ignored/>
  </testcase> <!-- AdminLogin -->
</testsuite> <!-- YSLogin -->
