<?xml version="1.0" encoding="UTF-8"?>
<!-- Generated by org.testng.reporters.JUnitXMLReporter -->
<testsuite ignored="2" hostname="IT" failures="0" tests="5" name="Car Loan" time="0.1" errors="0" timestamp="2025-03-02T18:13:15 IST">
  <testcase classname="Test.day3" name="MobileLogincarLoan" time="0.007"/>
  <testcase classname="Test.day3" name="MobilesignoutcarLoan" time="0.014"/>
  <testcase classname="Test.day3" name="MobilesignoutcarLoan" time="0.003"/>
  <testcase classname="Test.day3" name="MobilesignoutcarLoan" time="0.004"/>
  <testcase classname="Test.day3" name="WebloginCarLoan" time="0.007"/>
  <testcase classname="Test.day3" name="MobilesignimcarLoan" time="0.0">
    <ignored/>
  </testcase> <!-- MobilesignimcarLoan -->
  <testcase classname="Test.day3" name="APIcarLoan" time="0.0">
    <ignored/>
  </testcase> <!-- APIcarLoan -->
</testsuite> <!-- Car Loan -->
